[2026-03-14T08:55:18.544Z] [WS] WebSocket message received {"type":"event","event":"connect.challenge","hasPayload":true}
[2026-03-14T08:55:18.670Z] [WS] WebSocket message received {"type":"res","id":"connect-1","hasPayload":true}
[2026-03-14T08:55:18.961Z] [WS] WebSocket message received {"type":"res","id":"agents-1","hasPayload":true}
[2026-03-14T08:55:24.606Z] [WS] WebSocket message received {"type":"event","event":"health","hasPayload":true}
[2026-03-14T08:55:27.534Z] [WS] WebSocket message received {"type":"event","event":"tick","hasPayload":true}
[2026-03-14T08:55:57.534Z] [WS] WebSocket message received {"type":"event","event":"tick","hasPayload":true}
[2026-03-14T08:56:02.842Z] [WS] WebSocket message received {"type":"event","event":"health","hasPayload":true}
[2026-03-14T08:56:27.537Z] [WS] WebSocket message received {"type":"event","event":"tick","hasPayload":true}
[2026-03-14T08:56:57.536Z] [WS] WebSocket message received {"type":"event","event":"tick","hasPayload":true}
[2026-03-14T08:57:03.327Z] [WS] WebSocket message received {"type":"event","event":"health","hasPayload":true}
[2026-03-14T08:57:08.496Z] [WS] WebSocket message received {"type":"event","event":"agent","hasPayload":true}
[2026-03-14T08:57:08.497Z] [AGENT] EVENT | runId: 611ffaa7-c8c8-417e-a05c-7b6d74480385 | stream: lifecycle | phase: start
[2026-03-14T08:57:08.513Z] [WS] WebSocket message received {"type":"event","event":"agent","hasPayload":true}
[2026-03-14T08:57:08.513Z] [AGENT] EVENT | runId: 53548333-f724-4fa1-9b03-763fa7f55dec | stream: lifecycle | phase: start
[2026-03-14T08:57:12.426Z] [WS] WebSocket message received {"type":"event","event":"agent","hasPayload":true}
[2026-03-14T08:57:12.426Z] [AGENT] EVENT | runId: 53548333-f724-4fa1-9b03-763fa7f55dec | stream: lifecycle | phase: end
[2026-03-14T08:57:19.633Z] [WS] WebSocket message received {"type":"event","event":"agent","hasPayload":true}
[2026-03-14T08:57:19.634Z] [AGENT] EVENT | runId: 611ffaa7-c8c8-417e-a05c-7b6d74480385 | stream: lifecycle | phase: end
[2026-03-14T08:57:27.538Z] [WS] WebSocket message received {"type":"event","event":"tick","hasPayload":true}
[2026-03-14T08:57:57.541Z] [WS] WebSocket message received {"type":"event","event":"tick","hasPayload":true}
[2026-03-14T08:58:02.877Z] [WS] WebSocket message received {"type":"event","event":"health","hasPayload":true}
[2026-03-14T08:58:27.540Z] [WS] WebSocket message received {"type":"event","event":"tick","hasPayload":true}
[2026-03-14T08:58:57.542Z] [WS] WebSocket message received {"type":"event","event":"tick","hasPayload":true}
[2026-03-14T08:59:03.282Z] [WS] WebSocket message received {"type":"event","event":"health","hasPayload":true}
[2026-03-14T08:59:27.542Z] [WS] WebSocket message received {"type":"event","event":"tick","hasPayload":true}
[2026-03-14T08:59:57.542Z] [WS] WebSocket message received {"type":"event","event":"tick","hasPayload":true}
[2026-03-14T09:00:05.988Z] [WS] WebSocket message received {"type":"event","event":"connect.challenge","hasPayload":true}
[2026-03-14T09:00:06.000Z] [WS] WebSocket message received {"type":"res","id":"connect-1","hasPayload":true}
[2026-03-14T09:00:06.006Z] [WS] WebSocket message received {"type":"res","id":"agents-1","hasPayload":true}
[2026-03-14T09:00:11.905Z] [WS] WebSocket message received {"type":"event","event":"health","hasPayload":true}
[2026-03-14T09:00:27.544Z] [WS] WebSocket message received {"type":"event","event":"tick","hasPayload":true}
[2026-03-14T09:00:57.545Z] [WS] WebSocket message received {"type":"event","event":"tick","hasPayload":true}
[2026-03-14T09:01:03.038Z] [WS] WebSocket message received {"type":"event","event":"health","hasPayload":true}
[2026-03-14T09:01:27.547Z] [WS] WebSocket message received {"type":"event","event":"tick","hasPayload":true}
[2026-03-14T09:01:57.548Z] [WS] WebSocket message received {"type":"event","event":"tick","hasPayload":true}
[2026-03-14T09:02:03.058Z] [WS] WebSocket message received {"type":"event","event":"health","hasPayload":true}
[2026-03-14T09:02:27.549Z] [WS] WebSocket message received {"type":"event","event":"tick","hasPayload":true}
